<?xml version="1.0" encoding="UTF-8"?>
<!-- Generated by org.testng.reporters.JUnitReportReporter -->
<testsuite hostname="DESKTOP-0SE0796" name="qaclickacademy.RestAPITest" tests="2" failures="0" timestamp="13 Jun 2019 10:32:18 GMT" time="0.010" errors="0">
  <testcase name="DleteTwitter" time="0.010" classname="qaclickacademy.RestAPITest"/>
  <testcase name="PostJira" time="0.000" classname="qaclickacademy.RestAPITest"/>
</testsuite> <!-- qaclickacademy.RestAPITest -->
