<?xml version="1.0" encoding="UTF-8"?>
<!-- Generated by org.testng.reporters.JUnitReportReporter -->
<testsuite hostname="DESKTOP-0SE0796" name="qaclickacademy.RestAPI" tests="2" failures="0" timestamp="13 Jun 2019 10:23:10 GMT" time="0.008" errors="0">
  <testcase name="DleteTwitter" time="0.008" classname="qaclickacademy.RestAPI"/>
  <testcase name="PostJira" time="0.000" classname="qaclickacademy.RestAPI"/>
</testsuite> <!-- qaclickacademy.RestAPI -->
