<?xml version="1.0" encoding="UTF-8"?>
<!-- Generated by org.testng.reporters.JUnitReportReporter -->
<testsuite hostname="DESKTOP-0SE0796" name="qaclickacademy.SeleniumTest" tests="2" failures="0" timestamp="13 Jun 2019 10:16:17 GMT" time="0.013" errors="0">
  <testcase name="BrowserLaunch" time="0.012" classname="qaclickacademy.SeleniumTest"/>
  <testcase name="ElementsUI" time="0.001" classname="qaclickacademy.SeleniumTest"/>
</testsuite> <!-- qaclickacademy.SeleniumTest -->
