<?xml version="1.0" encoding="UTF-8"?>
<!-- Generated by org.testng.reporters.JUnitReportReporter -->
<testsuite skipped="0" hostname="DESKTOP-0SE0796" name="qaclickacademy.RestAPITest" tests="2" failures="0" timestamp="13 Jun 2019 10:57:44 GMT" time="0.015" errors="0">
  <testcase name="DleteTwitter" time="0.014" classname="qaclickacademy.RestAPITest"/>
  <testcase name="PostJira" time="0.001" classname="qaclickacademy.RestAPITest"/>
</testsuite> <!-- qaclickacademy.RestAPITest -->
